=== Run information ===

Scheme:       weka.classifiers.bayes.NaiveBayesMultinomial 
Relation:     _Users_abarbetta_Desktop_twitter-airline-sentiment_test_Virgin America-weka.filters.unsupervised.attribute.StringToWordVector-R1-W1000-prune-rate-1.0-N0-stemmerweka.core.stemmers.NullStemmer-stopwords-handlerweka.core.stopwords.Null-M1-tokenizerweka.core.tokenizers.WordTokenizer -delimiters " \r\n\t.,;:\'\"()?!"
Instances:    124
Attributes:   834
              [list of attributes omitted]
Test mode:    split 66.0% train, remainder test

=== Classifier model (full training set) ===

The independent probability of a class
--------------------------------------
positive	0.2992125984251969
negative	0.3543307086614173
neutral	0.3464566929133858

The probability of a word given the class
-----------------------------------------
	positive	negative	neutral	
#29DaysToGo	0.0014471780028943555	5.920663114268795E-4	7.00770847932726E-4	
#CheapFlights	0.0021707670043415337	5.920663114268795E-4	0.0021023125437981786	
#FareCompare	0.0021707670043415337	5.920663114268795E-4	0.0021023125437981786	
#MoodlitMonday	0.0014471780028943555	5.920663114268795E-4	0.0014015416958654521	
#PHL	0.0014471780028943555	5.920663114268795E-4	7.00770847932726E-4	
#Seductive	0.0014471780028943555	5.920663114268795E-4	7.00770847932726E-4	
#customerservice	0.0014471780028943555	5.920663114268795E-4	7.00770847932726E-4	
#dreampath	0.0014471780028943555	5.920663114268795E-4	7.00770847932726E-4	
#elevategold	0.0014471780028943555	5.920663114268795E-4	7.00770847932726E-4	
#fabulous	0.0014471780028943555	5.920663114268795E-4	7.00770847932726E-4	
#flightattendant	0.0014471780028943555	5.920663114268795E-4	7.00770847932726E-4	
#flying	0.0014471780028943555	5.920663114268795E-4	7.00770847932726E-4	
#guiltypleasures	0.0014471780028943555	5.920663114268795E-4	7.00770847932726E-4	
#inflight	0.0014471780028943555	5.920663114268795E-4	7.00770847932726E-4	
#pleasecomeback	0.0014471780028943555	5.920663114268795E-4	7.00770847932726E-4	
#stress	0.0014471780028943555	5.920663114268795E-4	7.00770847932726E-4	
#virginamerica	0.0014471780028943555	5.920663114268795E-4	7.00770847932726E-4	
$59	0.0021707670043415337	5.920663114268795E-4	0.0021023125437981786	
&amp	0.0021707670043415337	0.0023682652457075186	7.00770847932726E-4	
&lt	0.0014471780028943555	5.920663114268795E-4	0.0014015416958654521	
-	0.0014471780028943555	0.001776198934280639	0.0021023125437981786	
-D	0.0014471780028943555	5.920663114268795E-4	7.00770847932726E-4	
-G	0.0014471780028943555	5.920663114268795E-4	7.00770847932726E-4	
//t	0.006512301013024604	0.0029603315571343977	0.007708479327259986	
100%	0.0014471780028943555	5.920663114268795E-4	7.00770847932726E-4	
1st	0.0014471780028943555	0.001184132622853759	7.00770847932726E-4	
2nd	0.0014471780028943555	5.920663114268795E-4	7.00770847932726E-4	
3	0.0014471780028943555	0.001184132622853759	0.0014015416958654521	
@Australia	0.0014471780028943555	5.920663114268795E-4	7.00770847932726E-4	
@Carrieunderwood	0.0014471780028943555	5.920663114268795E-4	7.00770847932726E-4	
@Pacificbiznews	0.0014471780028943555	5.920663114268795E-4	7.00770847932726E-4	
@Travelzoo	0.0014471780028943555	5.920663114268795E-4	7.00770847932726E-4	
@VirginAmerica	0.026772793053545584	0.025458851391355827	0.030133146461107214	
@carrieunderwood	0.0028943560057887114	5.920663114268795E-4	0.004905395935529082	
@freddieawards	0.0014471780028943555	5.920663114268795E-4	7.00770847932726E-4	
@ladygaga	0.0028943560057887114	5.920663114268795E-4	0.004905395935529082	
@virginamerica	0.0014471780028943555	0.001776198934280639	0.0014015416958654521	
@virginmedia	0.0014471780028943555	5.920663114268795E-4	7.00770847932726E-4	
Airline	0.0014471780028943555	5.920663114268795E-4	7.00770847932726E-4	
All	0.0014471780028943555	5.920663114268795E-4	0.0014015416958654521	
Already	0.0014471780028943555	5.920663114268795E-4	7.00770847932726E-4	
America	0.0021707670043415337	5.920663114268795E-4	7.00770847932726E-4	
Andrews	0.0014471780028943555	5.920663114268795E-4	0.0021023125437981786	
Angeles	0.0014471780028943555	5.920663114268795E-4	7.00770847932726E-4	
Another	0.0014471780028943555	5.920663114268795E-4	7.00770847932726E-4	
Any	0.0014471780028943555	5.920663114268795E-4	7.00770847932726E-4	
BOS-FLL	0.0014471780028943555	5.920663114268795E-4	7.00770847932726E-4	
Best	0.0028943560057887114	5.920663114268795E-4	7.00770847932726E-4	
Congrats	0.0014471780028943555	5.920663114268795E-4	7.00770847932726E-4	
Cool	0.0014471780028943555	5.920663114268795E-4	7.00770847932726E-4	
D	0.0014471780028943555	5.920663114268795E-4	7.00770847932726E-4	
DO	0.0014471780028943555	5.920663114268795E-4	7.00770847932726E-4	
Deals	0.0014471780028943555	5.920663114268795E-4	7.00770847932726E-4	
Done	0.0014471780028943555	5.920663114268795E-4	7.00770847932726E-4	
E9	0.0014471780028943555	5.920663114268795E-4	7.00770847932726E-4	
EVER	0.0014471780028943555	5.920663114268795E-4	7.00770847932726E-4	
Easy	0.0014471780028943555	5.920663114268795E-4	7.00770847932726E-4	
Francisco	0.0014471780028943555	5.920663114268795E-4	7.00770847932726E-4	
Gaga	0.0014471780028943555	5.920663114268795E-4	0.0014015416958654521	
Gate	0.0014471780028943555	5.920663114268795E-4	7.00770847932726E-4	
Have	0.0014471780028943555	5.920663114268795E-4	0.0014015416958654521	
Hawaii	0.0014471780028943555	5.920663114268795E-4	0.0014015416958654521	
Hollywood	0.0014471780028943555	5.920663114268795E-4	7.00770847932726E-4	
I	0.011577424023154847	0.012433392539964476	0.008409250175192716	
Im	0.0014471780028943555	5.920663114268795E-4	7.00770847932726E-4	
Julie	0.0014471780028943555	5.920663114268795E-4	0.0021023125437981786	
LAS	0.0014471780028943555	5.920663114268795E-4	0.0014015416958654521	
LAX	0.0014471780028943555	0.001776198934280639	0.0021023125437981786	
Lady	0.0014471780028943555	5.920663114268795E-4	0.0014015416958654521	
Los	0.0014471780028943555	5.920663114268795E-4	7.00770847932726E-4	
Lots	0.0021707670043415337	5.920663114268795E-4	0.0021023125437981786	
Love	0.0014471780028943555	5.920663114268795E-4	7.00770847932726E-4	
MCO	0.0014471780028943555	5.920663114268795E-4	7.00770847932726E-4	
May	0.0021707670043415337	0.001184132622853759	0.0021023125437981786	
Moodlighting	0.0014471780028943555	5.920663114268795E-4	7.00770847932726E-4	
NO	0.0014471780028943555	5.920663114268795E-4	7.00770847932726E-4	
NOW	0.0014471780028943555	5.920663114268795E-4	7.00770847932726E-4	
NYC-JFK	0.0014471780028943555	5.920663114268795E-4	7.00770847932726E-4	
Naelah	0.0014471780028943555	5.920663114268795E-4	7.00770847932726E-4	
Need	0.0014471780028943555	5.920663114268795E-4	0.0014015416958654521	
PLEASE	0.0014471780028943555	5.920663114268795E-4	7.00770847932726E-4	
RaeAnn	0.0014471780028943555	5.920663114268795E-4	7.00770847932726E-4	
SF	0.0014471780028943555	5.920663114268795E-4	0.0014015416958654521	
San	0.0014471780028943555	5.920663114268795E-4	7.00770847932726E-4	
Sat	0.0014471780028943555	5.920663114268795E-4	7.00770847932726E-4	
She	0.0014471780028943555	5.920663114268795E-4	7.00770847932726E-4	
Sign	0.0014471780028943555	5.920663114268795E-4	7.00770847932726E-4	
So	0.0014471780028943555	5.920663114268795E-4	7.00770847932726E-4	
Thank	0.0014471780028943555	0.001184132622853759	7.00770847932726E-4	
Thanks	0.0014471780028943555	5.920663114268795E-4	0.0021023125437981786	
This	0.0014471780028943555	0.001184132622853759	7.00770847932726E-4	
U	0.0014471780028943555	5.920663114268795E-4	7.00770847932726E-4	
US	0.0014471780028943555	5.920663114268795E-4	7.00770847932726E-4	
VX	0.0014471780028943555	5.920663114268795E-4	7.00770847932726E-4	
View	0.0014471780028943555	5.920663114268795E-4	7.00770847932726E-4	
Virgin	0.0014471780028943555	0.001184132622853759	0.0014015416958654521	
Waited	0.0014471780028943555	5.920663114268795E-4	7.00770847932726E-4	
We	0.0014471780028943555	5.920663114268795E-4	7.00770847932726E-4	
Well	0.0014471780028943555	5.920663114268795E-4	7.00770847932726E-4	
You	0.0021707670043415337	5.920663114268795E-4	0.0014015416958654521	
a	0.006512301013024604	0.009473060982830076	0.004905395935529082	
about	0.0021707670043415337	0.004144464179988157	7.00770847932726E-4	
added	0.0014471780028943555	0.001184132622853759	7.00770847932726E-4	
again	0.0028943560057887114	5.920663114268795E-4	7.00770847932726E-4	
airline	0.0021707670043415337	0.001776198934280639	7.00770847932726E-4	
airlines	0.0014471780028943555	5.920663114268795E-4	7.00770847932726E-4	
all	0.003617945007235889	0.001184132622853759	0.0021023125437981786	
already	0.0014471780028943555	5.920663114268795E-4	7.00770847932726E-4	
amazing	0.0028943560057887114	0.001184132622853759	7.00770847932726E-4	
amazingly	0.0014471780028943555	5.920663114268795E-4	7.00770847932726E-4	
an	0.0021707670043415337	0.001776198934280639	0.0014015416958654521	
and	0.005065123010130245	0.008880994671403197	0.0021023125437981786	
applied	0.0014471780028943555	0.001184132622853759	7.00770847932726E-4	
are	0.0014471780028943555	0.001776198934280639	0.0028030833917309043	
around	0.0014471780028943555	5.920663114268795E-4	7.00770847932726E-4	
arrived	0.0014471780028943555	5.920663114268795E-4	7.00770847932726E-4	
at	0.0014471780028943555	0.001184132622853759	0.0021023125437981786	
award	0.0014471780028943555	5.920663114268795E-4	7.00770847932726E-4	
away	0.0021707670043415337	0.001184132622853759	7.00770847932726E-4	
awesome	0.0021707670043415337	0.001776198934280639	7.00770847932726E-4	
b/c	0.0014471780028943555	5.920663114268795E-4	7.00770847932726E-4	
back	0.0014471780028943555	0.001184132622853759	7.00770847932726E-4	
back-end	0.0014471780028943555	5.920663114268795E-4	7.00770847932726E-4	
be	0.0028943560057887114	0.0029603315571343977	0.0028030833917309043	
beat	0.0014471780028943555	5.920663114268795E-4	7.00770847932726E-4	
beautiful	0.0014471780028943555	5.920663114268795E-4	7.00770847932726E-4	
beautifully	0.0014471780028943555	5.920663114268795E-4	7.00770847932726E-4	
been	0.0014471780028943555	0.0029603315571343977	7.00770847932726E-4	
best	0.0021707670043415337	0.001184132622853759	0.0014015416958654521	
better	0.0014471780028943555	5.920663114268795E-4	7.00770847932726E-4	
beyond	0.0014471780028943555	5.920663114268795E-4	7.00770847932726E-4	
bill	0.0014471780028943555	5.920663114268795E-4	7.00770847932726E-4	
blew	0.0014471780028943555	5.920663114268795E-4	7.00770847932726E-4	
book	0.0014471780028943555	0.001184132622853759	0.0014015416958654521	
brand	0.0014471780028943555	0.001184132622853759	7.00770847932726E-4	
but	0.0028943560057887114	0.0029603315571343977	0.0035038542396636303	
butt	0.0014471780028943555	5.920663114268795E-4	7.00770847932726E-4	
by	0.0014471780028943555	5.920663114268795E-4	7.00770847932726E-4	
calming	0.0014471780028943555	5.920663114268795E-4	7.00770847932726E-4	
can	0.0021707670043415337	0.004144464179988157	0.0035038542396636303	
change	0.0014471780028943555	5.920663114268795E-4	0.0014015416958654521	
cities	0.0021707670043415337	5.920663114268795E-4	0.0021023125437981786	
classics	0.0014471780028943555	5.920663114268795E-4	7.00770847932726E-4	
co/B2Xi4YG5T8	0.0014471780028943555	5.920663114268795E-4	7.00770847932726E-4	
co/Dw5nf0ibtr	0.0014471780028943555	5.920663114268795E-4	7.00770847932726E-4	
co/UT5GrRwAaA	0.0014471780028943555	5.920663114268795E-4	7.00770847932726E-4	
co/ahlXHhKiyn	0.0014471780028943555	5.920663114268795E-4	7.00770847932726E-4	
co/gLXFwP6nQH	0.0014471780028943555	5.920663114268795E-4	7.00770847932726E-4	
co/kj1iljaebV	0.0014471780028943555	5.920663114268795E-4	7.00770847932726E-4	
co/r8p2Zy3fe4	0.0014471780028943555	5.920663114268795E-4	7.00770847932726E-4	
co/tZZJhuIbCH	0.0014471780028943555	5.920663114268795E-4	7.00770847932726E-4	
cold	0.0014471780028943555	0.001184132622853759	7.00770847932726E-4	
come	0.0014471780028943555	5.920663114268795E-4	7.00770847932726E-4	
comfortable	0.0014471780028943555	5.920663114268795E-4	7.00770847932726E-4	
commercials	0.0014471780028943555	5.920663114268795E-4	7.00770847932726E-4	
cool	0.0028943560057887114	0.001184132622853759	0.0021023125437981786	
correct	0.0014471780028943555	5.920663114268795E-4	7.00770847932726E-4	
could	0.0014471780028943555	5.920663114268795E-4	0.0014015416958654521	
country	0.0014471780028943555	5.920663114268795E-4	0.0014015416958654521	
crew	0.0028943560057887114	5.920663114268795E-4	7.00770847932726E-4	
cross	0.0014471780028943555	5.920663114268795E-4	7.00770847932726E-4	
customer	0.0014471780028943555	0.0023682652457075186	0.0014015416958654521	
deal	0.0014471780028943555	5.920663114268795E-4	7.00770847932726E-4	
deals	0.0021707670043415337	5.920663114268795E-4	0.0021023125437981786	
delayed	0.0014471780028943555	0.001776198934280639	7.00770847932726E-4	
design	0.0014471780028943555	5.920663114268795E-4	7.00770847932726E-4	
didn	0.0014471780028943555	0.001184132622853759	0.0014015416958654521	
done	0.0014471780028943555	5.920663114268795E-4	7.00770847932726E-4	
down	0.0021707670043415337	0.0023682652457075186	0.0021023125437981786	
downtown	0.0014471780028943555	5.920663114268795E-4	7.00770847932726E-4	
early	0.0014471780028943555	5.920663114268795E-4	7.00770847932726E-4	
end	0.0014471780028943555	5.920663114268795E-4	7.00770847932726E-4	
entertaining	0.0014471780028943555	5.920663114268795E-4	0.0014015416958654521	
even	0.0014471780028943555	5.920663114268795E-4	7.00770847932726E-4	
every	0.0014471780028943555	0.001184132622853759	7.00770847932726E-4	
excited	0.0014471780028943555	0.001776198934280639	7.00770847932726E-4	
experience	0.0028943560057887114	0.001776198934280639	7.00770847932726E-4	
feel	0.0014471780028943555	5.920663114268795E-4	7.00770847932726E-4	
first	0.0014471780028943555	0.001776198934280639	0.0028030833917309043	
flew	0.0014471780028943555	0.001184132622853759	0.0014015416958654521	
flight	0.0021707670043415337	0.005920663114268796	0.005606166783461809	
flights	0.0014471780028943555	0.0035523978685612786	0.0021023125437981786	
flown	0.0014471780028943555	5.920663114268795E-4	7.00770847932726E-4	
fly	0.0028943560057887114	0.001184132622853759	0.0014015416958654521	
flying	0.0028943560057887114	0.001776198934280639	0.0014015416958654521	
for	0.003617945007235889	0.0053285968028419185	0.006306937631394532	
from	0.003617945007235889	0.0035523978685612786	0.0035038542396636303	
front-end	0.0014471780028943555	5.920663114268795E-4	7.00770847932726E-4	
get	0.0014471780028943555	0.001776198934280639	0.0014015416958654521	
getaway	0.0021707670043415337	5.920663114268795E-4	0.0021023125437981786	
go	0.0014471780028943555	5.920663114268795E-4	0.0014015416958654521	
gone	0.0014471780028943555	5.920663114268795E-4	7.00770847932726E-4	
good	0.0028943560057887114	5.920663114268795E-4	7.00770847932726E-4	
graphic	0.0014471780028943555	5.920663114268795E-4	7.00770847932726E-4	
graphics	0.0014471780028943555	5.920663114268795E-4	7.00770847932726E-4	
great	0.004341534008683068	0.001184132622853759	0.0014015416958654521	
hands	0.0014471780028943555	5.920663114268795E-4	7.00770847932726E-4	
has	0.0021707670043415337	5.920663114268795E-4	0.0028030833917309043	
have	0.0014471780028943555	0.004144464179988157	0.0028030833917309043	
haven	0.0014471780028943555	0.001184132622853759	7.00770847932726E-4	
heard	0.0014471780028943555	5.920663114268795E-4	7.00770847932726E-4	
helpful	0.0014471780028943555	5.920663114268795E-4	7.00770847932726E-4	
hipster	0.0014471780028943555	5.920663114268795E-4	7.00770847932726E-4	
home	0.0014471780028943555	5.920663114268795E-4	0.0014015416958654521	
horrible	0.0014471780028943555	5.920663114268795E-4	7.00770847932726E-4	
hour	0.0014471780028943555	0.001776198934280639	7.00770847932726E-4	
http	0.006512301013024604	0.0029603315571343977	0.006306937631394532	
iconography	0.0014471780028943555	5.920663114268795E-4	7.00770847932726E-4	
impressive	0.0014471780028943555	5.920663114268795E-4	7.00770847932726E-4	
in	0.0028943560057887114	0.005920663114268796	0.0021023125437981786	
innovation	0.0014471780028943555	5.920663114268795E-4	7.00770847932726E-4	
interested	0.0014471780028943555	5.920663114268795E-4	7.00770847932726E-4	
is	0.005065123010130245	0.007696862048549437	0.0021023125437981786	
it	0.003617945007235889	0.004736530491415037	0.0028030833917309043	
just	0.0014471780028943555	0.0035523978685612786	0.0014015416958654521	
kept	0.0014471780028943555	5.920663114268795E-4	7.00770847932726E-4	
kicked	0.0014471780028943555	5.920663114268795E-4	7.00770847932726E-4	
know	0.0021707670043415337	0.001184132622853759	0.0035038542396636303	
like	0.0014471780028943555	0.0023682652457075186	0.0014015416958654521	
love	0.0028943560057887114	5.920663114268795E-4	7.00770847932726E-4	
m	0.0028943560057887114	0.0035523978685612786	7.00770847932726E-4	
me	0.0021707670043415337	0.0035523978685612786	0.004905395935529082	
member	0.0014471780028943555	5.920663114268795E-4	7.00770847932726E-4	
mind	0.0014471780028943555	5.920663114268795E-4	7.00770847932726E-4	
minimal	0.0014471780028943555	5.920663114268795E-4	7.00770847932726E-4	
more	0.0014471780028943555	0.001184132622853759	7.00770847932726E-4	
morning	0.0014471780028943555	0.001184132622853759	7.00770847932726E-4	
mountains	0.0021707670043415337	5.920663114268795E-4	7.00770847932726E-4	
moved	0.0014471780028943555	5.920663114268795E-4	0.0014015416958654521	
much	0.0014471780028943555	5.920663114268795E-4	7.00770847932726E-4	
my	0.005065123010130245	0.007104795737122557	0.004905395935529082	
nearly	0.0014471780028943555	5.920663114268795E-4	7.00770847932726E-4	
need	0.0014471780028943555	5.920663114268795E-4	0.0035038542396636303	
new	0.0014471780028943555	0.001184132622853759	0.0021023125437981786	
news	0.0014471780028943555	5.920663114268795E-4	7.00770847932726E-4	
not	0.0014471780028943555	0.001776198934280639	0.0035038542396636303	
nothing	0.0014471780028943555	5.920663114268795E-4	7.00770847932726E-4	
now	0.0014471780028943555	0.001184132622853759	7.00770847932726E-4	
of	0.005065123010130245	0.001776198934280639	0.005606166783461809	
on	0.003617945007235889	0.007104795737122557	0.005606166783461809	
once	0.0014471780028943555	5.920663114268795E-4	7.00770847932726E-4	
one-way	0.0021707670043415337	5.920663114268795E-4	0.0021023125437981786	
only	0.0021707670043415337	0.001184132622853759	7.00770847932726E-4	
out	0.0014471780028943555	0.001184132622853759	0.0021023125437981786	
outstanding	0.0014471780028943555	5.920663114268795E-4	7.00770847932726E-4	
p	0.0014471780028943555	5.920663114268795E-4	7.00770847932726E-4	
plane	0.0014471780028943555	0.001776198934280639	7.00770847932726E-4	
plus	0.0014471780028943555	5.920663114268795E-4	7.00770847932726E-4	
pretty	0.0014471780028943555	5.920663114268795E-4	7.00770847932726E-4	
rain	0.0014471780028943555	5.920663114268795E-4	7.00770847932726E-4	
re	0.0014471780028943555	0.001184132622853759	7.00770847932726E-4	
really	0.0014471780028943555	0.0023682652457075186	7.00770847932726E-4	
reason	0.0014471780028943555	5.920663114268795E-4	7.00770847932726E-4	
rep	0.0014471780028943555	5.920663114268795E-4	7.00770847932726E-4	
representatives	0.0014471780028943555	5.920663114268795E-4	7.00770847932726E-4	
represents	0.0014471780028943555	5.920663114268795E-4	7.00770847932726E-4	
reservation	0.0014471780028943555	0.001184132622853759	0.0021023125437981786	
ride	0.0014471780028943555	5.920663114268795E-4	7.00770847932726E-4	
right	0.0014471780028943555	5.920663114268795E-4	7.00770847932726E-4	
rock	0.0014471780028943555	5.920663114268795E-4	7.00770847932726E-4	
running	0.0014471780028943555	5.920663114268795E-4	7.00770847932726E-4	
s	0.0021707670043415337	0.0035523978685612786	0.0021023125437981786	
secure	0.0014471780028943555	5.920663114268795E-4	7.00770847932726E-4	
service	0.0014471780028943555	0.0029603315571343977	0.0014015416958654521	
she	0.0014471780028943555	5.920663114268795E-4	7.00770847932726E-4	
should	0.0014471780028943555	0.001776198934280639	7.00770847932726E-4	
skies	0.0014471780028943555	5.920663114268795E-4	7.00770847932726E-4	
so	0.0021707670043415337	0.001776198934280639	7.00770847932726E-4	
spotify	0.0014471780028943555	5.920663114268795E-4	7.00770847932726E-4	
start	0.0014471780028943555	5.920663114268795E-4	7.00770847932726E-4	
stat	0.0014471780028943555	5.920663114268795E-4	7.00770847932726E-4	
still	0.0014471780028943555	0.001776198934280639	0.0021023125437981786	
such	0.0014471780028943555	5.920663114268795E-4	7.00770847932726E-4	
t	0.0021707670043415337	0.007104795737122557	0.0035038542396636303	
tacky	0.0014471780028943555	5.920663114268795E-4	7.00770847932726E-4	
take	0.0021707670043415337	5.920663114268795E-4	0.0021023125437981786	
team	0.0028943560057887114	5.920663114268795E-4	0.0014015416958654521	
than	0.0014471780028943555	0.0023682652457075186	7.00770847932726E-4	
thanks	0.0014471780028943555	5.920663114268795E-4	7.00770847932726E-4	
that	0.0014471780028943555	0.0023682652457075186	0.0028030833917309043	
the	0.009406657018813314	0.007696862048549437	0.005606166783461809	
then	0.0014471780028943555	5.920663114268795E-4	7.00770847932726E-4	
they	0.0014471780028943555	0.001776198934280639	7.00770847932726E-4	
things	0.0021707670043415337	5.920663114268795E-4	7.00770847932726E-4	
thinking	0.0014471780028943555	5.920663114268795E-4	7.00770847932726E-4	
this	0.005065123010130245	0.0023682652457075186	0.0021023125437981786	
though	0.0014471780028943555	5.920663114268795E-4	7.00770847932726E-4	
three	0.0014471780028943555	0.001776198934280639	7.00770847932726E-4	
through	0.0021707670043415337	0.001184132622853759	0.0021023125437981786	
ticket	0.0014471780028943555	5.920663114268795E-4	0.0014015416958654521	
time	0.0014471780028943555	0.001184132622853759	0.0021023125437981786	
to	0.01013024602026049	0.012433392539964476	0.011212333566923619	
tonight	0.0021707670043415337	0.001184132622853759	7.00770847932726E-4	
too	0.0014471780028943555	0.001184132622853759	7.00770847932726E-4	
travel	0.0014471780028943555	0.001184132622853759	7.00770847932726E-4	
trip	0.0014471780028943555	0.001184132622853759	0.0021023125437981786	
t…but	0.0014471780028943555	5.920663114268795E-4	7.00770847932726E-4	
us	0.0014471780028943555	5.920663114268795E-4	0.0014015416958654521	
ve	0.0028943560057887114	0.001776198934280639	7.00770847932726E-4	
very	0.0014471780028943555	5.920663114268795E-4	0.0014015416958654521	
via	0.0014471780028943555	5.920663114268795E-4	7.00770847932726E-4	
want	0.0014471780028943555	0.001184132622853759	7.00770847932726E-4	
was	0.0028943560057887114	0.0023682652457075186	0.0014015416958654521	
way	0.0028943560057887114	5.920663114268795E-4	0.0014015416958654521	
we	0.0014471780028943555	0.001184132622853759	0.0014015416958654521	
week	0.0014471780028943555	0.0023682652457075186	7.00770847932726E-4	
what	0.0014471780028943555	0.001776198934280639	0.0028030833917309043	
who	0.0014471780028943555	0.001184132622853759	7.00770847932726E-4	
winning	0.0014471780028943555	5.920663114268795E-4	7.00770847932726E-4	
with	0.0021707670043415337	0.004736530491415037	0.0035038542396636303	
won’t	0.0014471780028943555	5.920663114268795E-4	7.00770847932726E-4	
worm”	0.0014471780028943555	5.920663114268795E-4	7.00770847932726E-4	
worried	0.0014471780028943555	5.920663114268795E-4	7.00770847932726E-4	
would	0.0014471780028943555	0.001776198934280639	7.00770847932726E-4	
wow	0.0014471780028943555	5.920663114268795E-4	0.0014015416958654521	
yall	0.0014471780028943555	5.920663114268795E-4	7.00770847932726E-4	
year	0.0014471780028943555	5.920663114268795E-4	7.00770847932726E-4	
yes	0.0014471780028943555	5.920663114268795E-4	7.00770847932726E-4	
yet	0.0014471780028943555	0.001184132622853759	7.00770847932726E-4	
you	0.005788712011577423	0.005920663114268796	0.007708479327259986	
your	0.004341534008683068	0.007104795737122557	0.0014015416958654521	
“ear	0.0014471780028943555	5.920663114268795E-4	7.00770847932726E-4	
☺️👍	0.0014471780028943555	5.920663114268795E-4	7.00770847932726E-4	
❤️	0.0014471780028943555	5.920663114268795E-4	7.00770847932726E-4	
🌞✈	0.0014471780028943555	5.920663114268795E-4	7.00770847932726E-4	
💕💕	0.0014471780028943555	5.920663114268795E-4	7.00770847932726E-4	
💜✈	0.0014471780028943555	5.920663114268795E-4	7.00770847932726E-4	
😊	0.0014471780028943555	5.920663114268795E-4	7.00770847932726E-4	
#SFOtoBOS	7.235890014471777E-4	0.001184132622853759	7.00770847932726E-4	
#VX358	7.235890014471777E-4	0.001184132622853759	7.00770847932726E-4	
#fail	7.235890014471777E-4	0.001184132622853759	7.00770847932726E-4	
#neverflyvirgin	7.235890014471777E-4	0.001184132622853759	7.00770847932726E-4	
#neverflyvirginforbusiness	7.235890014471777E-4	0.001776198934280639	7.00770847932726E-4	
#noair	7.235890014471777E-4	0.001184132622853759	7.00770847932726E-4	
#nomorevirgin	7.235890014471777E-4	0.001184132622853759	7.00770847932726E-4	
#roasted	7.235890014471777E-4	0.001184132622853759	7.00770847932726E-4	
#sarcasm	7.235890014471777E-4	0.001184132622853759	7.00770847932726E-4	
#sfo2lax	7.235890014471777E-4	0.001184132622853759	7.00770847932726E-4	
#sneaky	7.235890014471777E-4	0.001184132622853759	7.00770847932726E-4	
#uncomfortable	7.235890014471777E-4	0.001184132622853759	7.00770847932726E-4	
#worstflightever	7.235890014471777E-4	0.001184132622853759	7.00770847932726E-4	
$30	7.235890014471777E-4	0.001184132622853759	7.00770847932726E-4	
$40	7.235890014471777E-4	0.001184132622853759	7.00770847932726E-4	
$99	7.235890014471777E-4	0.001184132622853759	7.00770847932726E-4	
--	7.235890014471777E-4	0.001184132622853759	7.00770847932726E-4	
/	7.235890014471777E-4	0.001184132622853759	7.00770847932726E-4	
11	7.235890014471777E-4	0.001184132622853759	7.00770847932726E-4	
2	7.235890014471777E-4	0.0023682652457075186	0.0021023125437981786	
2014	7.235890014471777E-4	0.001184132622853759	7.00770847932726E-4	
2015	7.235890014471777E-4	0.001184132622853759	7.00770847932726E-4	
2A	7.235890014471777E-4	0.001184132622853759	7.00770847932726E-4	
3-4	7.235890014471777E-4	0.001184132622853759	7.00770847932726E-4	
4	7.235890014471777E-4	0.001184132622853759	7.00770847932726E-4	
40	7.235890014471777E-4	0.001184132622853759	7.00770847932726E-4	
40-50	7.235890014471777E-4	0.001184132622853759	7.00770847932726E-4	
50pm	7.235890014471777E-4	0.001184132622853759	7.00770847932726E-4	
6	7.235890014471777E-4	0.001184132622853759	7.00770847932726E-4	
89	7.235890014471777E-4	0.001184132622853759	7.00770847932726E-4	
@JetBlue	7.235890014471777E-4	0.001184132622853759	7.00770847932726E-4	
@SouthwestAir	7.235890014471777E-4	0.001184132622853759	7.00770847932726E-4	
AM	7.235890014471777E-4	0.001184132622853759	7.00770847932726E-4	
And	7.235890014471777E-4	0.001184132622853759	7.00770847932726E-4	
At	7.235890014471777E-4	0.001184132622853759	7.00770847932726E-4	
BTW	7.235890014471777E-4	0.001184132622853759	7.00770847932726E-4	
Booking	7.235890014471777E-4	0.001776198934280639	0.0014015416958654521	
But	7.235890014471777E-4	0.001184132622853759	0.0014015416958654521	
Called	7.235890014471777E-4	0.001184132622853759	7.00770847932726E-4	
Cancelled	7.235890014471777E-4	0.001776198934280639	7.00770847932726E-4	
DAL	7.235890014471777E-4	0.001184132622853759	0.0021023125437981786	
Elevate	7.235890014471777E-4	0.0023682652457075186	7.00770847932726E-4	
F	7.235890014471777E-4	0.001184132622853759	7.00770847932726E-4	
FLL-&gt	7.235890014471777E-4	0.001184132622853759	7.00770847932726E-4	
Flight	7.235890014471777E-4	0.004736530491415037	0.0028030833917309043	
Flightled	7.235890014471777E-4	0.001184132622853759	7.00770847932726E-4	
Folks	7.235890014471777E-4	0.001184132622853759	7.00770847932726E-4	
HELP	7.235890014471777E-4	0.001184132622853759	7.00770847932726E-4	
Help	7.235890014471777E-4	0.001776198934280639	7.00770847932726E-4	
Hey	7.235890014471777E-4	0.001184132622853759	7.00770847932726E-4	
Hi	7.235890014471777E-4	0.001184132622853759	7.00770847932726E-4	
IAD	7.235890014471777E-4	0.001184132622853759	7.00770847932726E-4	
Is	7.235890014471777E-4	0.001776198934280639	0.0014015416958654521	
I’m	7.235890014471777E-4	0.001184132622853759	7.00770847932726E-4	
Just	7.235890014471777E-4	0.001184132622853759	7.00770847932726E-4	
L&amp	7.235890014471777E-4	0.001184132622853759	7.00770847932726E-4	
LA	7.235890014471777E-4	0.001184132622853759	0.0014015416958654521	
LGA-&gt	7.235890014471777E-4	0.001184132622853759	7.00770847932726E-4	
Late	7.235890014471777E-4	0.0029603315571343977	7.00770847932726E-4	
Let	7.235890014471777E-4	0.001184132622853759	0.0014015416958654521	
MIA	7.235890014471777E-4	0.001184132622853759	7.00770847932726E-4	
NYC	7.235890014471777E-4	0.001776198934280639	7.00770847932726E-4	
No	7.235890014471777E-4	0.001184132622853759	7.00770847932726E-4	
Problems	7.235890014471777E-4	0.001776198934280639	0.0014015416958654521	
SFO	7.235890014471777E-4	0.001776198934280639	0.0021023125437981786	
SFO-PDX	7.235890014471777E-4	0.001184132622853759	7.00770847932726E-4	
Saturday	7.235890014471777E-4	0.001184132622853759	7.00770847932726E-4	
Seat	7.235890014471777E-4	0.001184132622853759	7.00770847932726E-4	
TV	7.235890014471777E-4	0.001184132622853759	7.00770847932726E-4	
Three	7.235890014471777E-4	0.001184132622853759	7.00770847932726E-4	
Time	7.235890014471777E-4	0.001184132622853759	0.0014015416958654521	
Use	7.235890014471777E-4	0.001184132622853759	7.00770847932726E-4	
VA	7.235890014471777E-4	0.001184132622853759	0.0014015416958654521	
VA370	7.235890014471777E-4	0.001184132622853759	7.00770847932726E-4	
Vegas	7.235890014471777E-4	0.001184132622853759	7.00770847932726E-4	
Website	7.235890014471777E-4	0.001184132622853759	0.0014015416958654521	
What	7.235890014471777E-4	0.001776198934280639	0.0014015416958654521	
When	7.235890014471777E-4	0.001184132622853759	7.00770847932726E-4	
Whenever	7.235890014471777E-4	0.001184132622853759	7.00770847932726E-4	
Why	7.235890014471777E-4	0.001184132622853759	7.00770847932726E-4	
Your	7.235890014471777E-4	0.0023682652457075186	7.00770847932726E-4	
able	7.235890014471777E-4	0.001184132622853759	7.00770847932726E-4	
account	7.235890014471777E-4	0.001776198934280639	0.0014015416958654521	
add	7.235890014471777E-4	0.001776198934280639	0.0028030833917309043	
adding	7.235890014471777E-4	0.001776198934280639	7.00770847932726E-4	
after	7.235890014471777E-4	0.001776198934280639	7.00770847932726E-4	
aggressive	7.235890014471777E-4	0.001184132622853759	7.00770847932726E-4	
ago	7.235890014471777E-4	0.001184132622853759	0.0014015416958654521	
air	7.235890014471777E-4	0.001184132622853759	7.00770847932726E-4	
am	7.235890014471777E-4	0.001776198934280639	0.0014015416958654521	
another	7.235890014471777E-4	0.001776198934280639	0.0014015416958654521	
answering	7.235890014471777E-4	0.001776198934280639	7.00770847932726E-4	
any	7.235890014471777E-4	0.0029603315571343977	7.00770847932726E-4	
anyone	7.235890014471777E-4	0.001184132622853759	7.00770847932726E-4	
anything	7.235890014471777E-4	0.001776198934280639	7.00770847932726E-4	
anyway	7.235890014471777E-4	0.001184132622853759	7.00770847932726E-4	
appointments	7.235890014471777E-4	0.001184132622853759	7.00770847932726E-4	
apt	7.235890014471777E-4	0.001184132622853759	7.00770847932726E-4	
asap	7.235890014471777E-4	0.001184132622853759	7.00770847932726E-4	
available	7.235890014471777E-4	0.001184132622853759	7.00770847932726E-4	
awaiting	7.235890014471777E-4	0.001184132622853759	7.00770847932726E-4	
bad	7.235890014471777E-4	0.001776198934280639	7.00770847932726E-4	
bag	7.235890014471777E-4	0.004144464179988157	7.00770847932726E-4	
begrudgingly	7.235890014471777E-4	0.001184132622853759	7.00770847932726E-4	
big	7.235890014471777E-4	0.001184132622853759	7.00770847932726E-4	
bin	7.235890014471777E-4	0.001184132622853759	7.00770847932726E-4	
birthday	7.235890014471777E-4	0.001184132622853759	7.00770847932726E-4	
biz	7.235890014471777E-4	0.001184132622853759	7.00770847932726E-4	
bked	7.235890014471777E-4	0.001184132622853759	7.00770847932726E-4	
blast	7.235890014471777E-4	0.001184132622853759	7.00770847932726E-4	
booked	7.235890014471777E-4	0.001184132622853759	0.0014015416958654521	
both	7.235890014471777E-4	0.001184132622853759	7.00770847932726E-4	
bought	7.235890014471777E-4	0.001184132622853759	7.00770847932726E-4	
browser	7.235890014471777E-4	0.001184132622853759	7.00770847932726E-4	
built	7.235890014471777E-4	0.001184132622853759	7.00770847932726E-4	
business	7.235890014471777E-4	0.0029603315571343977	7.00770847932726E-4	
call	7.235890014471777E-4	0.0023682652457075186	7.00770847932726E-4	
called	7.235890014471777E-4	0.001776198934280639	7.00770847932726E-4	
card	7.235890014471777E-4	0.001184132622853759	0.0014015416958654521	
carriers	7.235890014471777E-4	0.001184132622853759	7.00770847932726E-4	
cause	7.235890014471777E-4	0.001184132622853759	0.0014015416958654521	
chat	7.235890014471777E-4	0.001184132622853759	7.00770847932726E-4	
check	7.235890014471777E-4	0.0035523978685612786	0.0021023125437981786	
class	7.235890014471777E-4	0.001184132622853759	7.00770847932726E-4	
co/AvyqdMpi1Y	7.235890014471777E-4	0.001184132622853759	7.00770847932726E-4	
co/hy0VrfhjHt	7.235890014471777E-4	0.001184132622853759	7.00770847932726E-4	
co/pX8hQOKS3R	7.235890014471777E-4	0.001184132622853759	7.00770847932726E-4	
co/vhp2GtDWPk	7.235890014471777E-4	0.001184132622853759	7.00770847932726E-4	
compatible	7.235890014471777E-4	0.001184132622853759	7.00770847932726E-4	
concerned	7.235890014471777E-4	0.001184132622853759	7.00770847932726E-4	
connecting	7.235890014471777E-4	0.001184132622853759	7.00770847932726E-4	
couldn	7.235890014471777E-4	0.001184132622853759	7.00770847932726E-4	
cross-browser	7.235890014471777E-4	0.001184132622853759	7.00770847932726E-4	
deal-	7.235890014471777E-4	0.001184132622853759	7.00770847932726E-4	
delay	7.235890014471777E-4	0.001184132622853759	7.00770847932726E-4	
desktop	7.235890014471777E-4	0.001184132622853759	7.00770847932726E-4	
direct	7.235890014471777E-4	0.001184132622853759	7.00770847932726E-4	
dirty	7.235890014471777E-4	0.001184132622853759	7.00770847932726E-4	
disappointed	7.235890014471777E-4	0.001184132622853759	7.00770847932726E-4	
disappointing	7.235890014471777E-4	0.001184132622853759	7.00770847932726E-4	
doesn	7.235890014471777E-4	0.001184132622853759	7.00770847932726E-4	
doing	7.235890014471777E-4	0.001184132622853759	7.00770847932726E-4	
due	7.235890014471777E-4	0.001776198934280639	0.0014015416958654521	
during	7.235890014471777E-4	0.001184132622853759	7.00770847932726E-4	
earlier	7.235890014471777E-4	0.001184132622853759	7.00770847932726E-4	
eat	7.235890014471777E-4	0.001184132622853759	7.00770847932726E-4	
either	7.235890014471777E-4	0.001184132622853759	7.00770847932726E-4	
elevate	7.235890014471777E-4	0.001184132622853759	0.0021023125437981786	
emailed	7.235890014471777E-4	0.001184132622853759	0.0014015416958654521	
enter	7.235890014471777E-4	0.001184132622853759	7.00770847932726E-4	
entered	7.235890014471777E-4	0.001184132622853759	7.00770847932726E-4	
entertainment	7.235890014471777E-4	0.001184132622853759	7.00770847932726E-4	
everything	7.235890014471777E-4	0.001184132622853759	7.00770847932726E-4	
exp	7.235890014471777E-4	0.001184132622853759	7.00770847932726E-4	
expensive	7.235890014471777E-4	0.001184132622853759	7.00770847932726E-4	
faces	7.235890014471777E-4	0.001184132622853759	7.00770847932726E-4	
fares	7.235890014471777E-4	0.001184132622853759	7.00770847932726E-4	
find	7.235890014471777E-4	0.001184132622853759	7.00770847932726E-4	
fine	7.235890014471777E-4	0.001184132622853759	7.00770847932726E-4	
floors	7.235890014471777E-4	0.001184132622853759	7.00770847932726E-4	
flyer	7.235890014471777E-4	0.001184132622853759	7.00770847932726E-4	
food	7.235890014471777E-4	0.001184132622853759	7.00770847932726E-4	
four	7.235890014471777E-4	0.001184132622853759	7.00770847932726E-4	
free	7.235890014471777E-4	0.001184132622853759	7.00770847932726E-4	
friendly	7.235890014471777E-4	0.001184132622853759	7.00770847932726E-4	
friends	7.235890014471777E-4	0.001184132622853759	7.00770847932726E-4	
fuel	7.235890014471777E-4	0.001184132622853759	7.00770847932726E-4	
fully	7.235890014471777E-4	0.001184132622853759	7.00770847932726E-4	
game	7.235890014471777E-4	0.001184132622853759	7.00770847932726E-4	
gave	7.235890014471777E-4	0.001184132622853759	7.00770847932726E-4	
gentleman	7.235890014471777E-4	0.001184132622853759	7.00770847932726E-4	
getting	7.235890014471777E-4	0.001776198934280639	7.00770847932726E-4	
going	7.235890014471777E-4	0.001184132622853759	7.00770847932726E-4	
guests	7.235890014471777E-4	0.001184132622853759	7.00770847932726E-4	
guys	7.235890014471777E-4	0.001184132622853759	7.00770847932726E-4	
guyyyys	7.235890014471777E-4	0.001184132622853759	7.00770847932726E-4	
had	7.235890014471777E-4	0.001184132622853759	0.0014015416958654521	
happened	7.235890014471777E-4	0.001184132622853759	0.0014015416958654521	
hard	7.235890014471777E-4	0.001184132622853759	7.00770847932726E-4	
having	7.235890014471777E-4	0.001776198934280639	7.00770847932726E-4	
headphones	7.235890014471777E-4	0.001184132622853759	7.00770847932726E-4	
help	7.235890014471777E-4	0.001776198934280639	0.0021023125437981786	
here	7.235890014471777E-4	0.001184132622853759	7.00770847932726E-4	
heyyyy	7.235890014471777E-4	0.001184132622853759	7.00770847932726E-4	
hi	7.235890014471777E-4	0.001776198934280639	0.0021023125437981786	
hold	7.235890014471777E-4	0.001184132622853759	7.00770847932726E-4	
how	7.235890014471777E-4	0.001184132622853759	0.0021023125437981786	
hrs	7.235890014471777E-4	0.001184132622853759	7.00770847932726E-4	
human	7.235890014471777E-4	0.001184132622853759	7.00770847932726E-4	
hung	7.235890014471777E-4	0.001184132622853759	7.00770847932726E-4	
i	7.235890014471777E-4	0.0023682652457075186	0.0014015416958654521	
info	7.235890014471777E-4	0.001184132622853759	7.00770847932726E-4	
interesting	7.235890014471777E-4	0.001776198934280639	7.00770847932726E-4	
internet	7.235890014471777E-4	0.001184132622853759	7.00770847932726E-4	
isn	7.235890014471777E-4	0.001776198934280639	7.00770847932726E-4	
its	7.235890014471777E-4	0.001184132622853759	7.00770847932726E-4	
jfk	7.235890014471777E-4	0.001184132622853759	7.00770847932726E-4	
landed	7.235890014471777E-4	0.001184132622853759	7.00770847932726E-4	
large	7.235890014471777E-4	0.001184132622853759	7.00770847932726E-4	
last	7.235890014471777E-4	0.001776198934280639	0.0021023125437981786	
lax	7.235890014471777E-4	0.001184132622853759	7.00770847932726E-4	
layover	7.235890014471777E-4	0.001184132622853759	7.00770847932726E-4	
least	7.235890014471777E-4	0.001184132622853759	7.00770847932726E-4	
leave	7.235890014471777E-4	0.001184132622853759	7.00770847932726E-4	
left	7.235890014471777E-4	0.001184132622853759	7.00770847932726E-4	
line	7.235890014471777E-4	0.001184132622853759	7.00770847932726E-4	
little	7.235890014471777E-4	0.001184132622853759	7.00770847932726E-4	
loads	7.235890014471777E-4	0.001184132622853759	7.00770847932726E-4	
loft	7.235890014471777E-4	0.001184132622853759	7.00770847932726E-4	
long	7.235890014471777E-4	0.001184132622853759	7.00770847932726E-4	
lost	7.235890014471777E-4	0.0023682652457075186	7.00770847932726E-4	
match	7.235890014471777E-4	0.001184132622853759	7.00770847932726E-4	
meet	7.235890014471777E-4	0.001184132622853759	7.00770847932726E-4	
messed	7.235890014471777E-4	0.001184132622853759	7.00770847932726E-4	
middle	7.235890014471777E-4	0.001184132622853759	7.00770847932726E-4	
min	7.235890014471777E-4	0.001184132622853759	7.00770847932726E-4	
minutes	7.235890014471777E-4	0.001184132622853759	0.0014015416958654521	
miss	7.235890014471777E-4	0.001184132622853759	0.0014015416958654521	
missed	7.235890014471777E-4	0.001776198934280639	0.0014015416958654521	
mobile	7.235890014471777E-4	0.001184132622853759	7.00770847932726E-4	
must	7.235890014471777E-4	0.001184132622853759	7.00770847932726E-4	
name	7.235890014471777E-4	0.001184132622853759	7.00770847932726E-4	
needs	7.235890014471777E-4	0.001776198934280639	7.00770847932726E-4	
never	7.235890014471777E-4	0.001184132622853759	7.00770847932726E-4	
next	7.235890014471777E-4	0.0029603315571343977	7.00770847932726E-4	
no	7.235890014471777E-4	0.004144464179988157	7.00770847932726E-4	
number	7.235890014471777E-4	0.001776198934280639	0.0014015416958654521	
obnoxious	7.235890014471777E-4	0.001184132622853759	7.00770847932726E-4	
one	7.235890014471777E-4	0.001776198934280639	7.00770847932726E-4	
online	7.235890014471777E-4	0.001184132622853759	0.0028030833917309043	
option	7.235890014471777E-4	0.001184132622853759	7.00770847932726E-4	
options	7.235890014471777E-4	0.001184132622853759	7.00770847932726E-4	
or	7.235890014471777E-4	0.001776198934280639	7.00770847932726E-4	
other	7.235890014471777E-4	0.0029603315571343977	7.00770847932726E-4	
over	7.235890014471777E-4	0.001184132622853759	7.00770847932726E-4	
page	7.235890014471777E-4	0.001184132622853759	0.0014015416958654521	
passengers	7.235890014471777E-4	0.001776198934280639	7.00770847932726E-4	
pay	7.235890014471777E-4	0.001184132622853759	7.00770847932726E-4	
peeps	7.235890014471777E-4	0.001184132622853759	7.00770847932726E-4	
people	7.235890014471777E-4	0.001184132622853759	7.00770847932726E-4	
phone	7.235890014471777E-4	0.0023682652457075186	0.0014015416958654521	
plain	7.235890014471777E-4	0.001184132622853759	7.00770847932726E-4	
planned	7.235890014471777E-4	0.001184132622853759	7.00770847932726E-4	
playing	7.235890014471777E-4	0.001184132622853759	7.00770847932726E-4	
please	7.235890014471777E-4	0.001184132622853759	0.0014015416958654521	
prefer	7.235890014471777E-4	0.001184132622853759	7.00770847932726E-4	
problem	7.235890014471777E-4	0.001184132622853759	7.00770847932726E-4	
program	7.235890014471777E-4	0.001184132622853759	7.00770847932726E-4	
recourse	7.235890014471777E-4	0.001184132622853759	7.00770847932726E-4	
redesign	7.235890014471777E-4	0.001184132622853759	7.00770847932726E-4	
reluctant	7.235890014471777E-4	0.001184132622853759	7.00770847932726E-4	
remove	7.235890014471777E-4	0.001184132622853759	7.00770847932726E-4	
reputation	7.235890014471777E-4	0.001184132622853759	7.00770847932726E-4	
reserved	7.235890014471777E-4	0.001184132622853759	7.00770847932726E-4	
response	7.235890014471777E-4	0.001776198934280639	7.00770847932726E-4	
return	7.235890014471777E-4	0.001184132622853759	7.00770847932726E-4	
same	7.235890014471777E-4	0.001184132622853759	7.00770847932726E-4	
say	7.235890014471777E-4	0.001184132622853759	7.00770847932726E-4	
scanned	7.235890014471777E-4	0.001184132622853759	7.00770847932726E-4	
schedule	7.235890014471777E-4	0.001184132622853759	7.00770847932726E-4	
seat	7.235890014471777E-4	0.001776198934280639	0.0014015416958654521	
seating	7.235890014471777E-4	0.001184132622853759	7.00770847932726E-4	
seats	7.235890014471777E-4	0.001776198934280639	7.00770847932726E-4	
seems	7.235890014471777E-4	0.001184132622853759	7.00770847932726E-4	
select	7.235890014471777E-4	0.001184132622853759	7.00770847932726E-4	
self-service	7.235890014471777E-4	0.001184132622853759	7.00770847932726E-4	
seriously	7.235890014471777E-4	0.001184132622853759	7.00770847932726E-4	
shared	7.235890014471777E-4	0.001184132622853759	7.00770847932726E-4	
shown	7.235890014471777E-4	0.001184132622853759	7.00770847932726E-4	
side	7.235890014471777E-4	0.001184132622853759	7.00770847932726E-4	
since	7.235890014471777E-4	0.001184132622853759	7.00770847932726E-4	
sit	7.235890014471777E-4	0.001184132622853759	7.00770847932726E-4	
site	7.235890014471777E-4	0.0035523978685612786	7.00770847932726E-4	
someone	7.235890014471777E-4	0.001776198934280639	7.00770847932726E-4	
speak	7.235890014471777E-4	0.001184132622853759	7.00770847932726E-4	
status	7.235890014471777E-4	0.001184132622853759	7.00770847932726E-4	
step	7.235890014471777E-4	0.001184132622853759	7.00770847932726E-4	
stop	7.235890014471777E-4	0.001184132622853759	0.0014015416958654521	
supp	7.235890014471777E-4	0.001184132622853759	7.00770847932726E-4	
support	7.235890014471777E-4	0.001184132622853759	7.00770847932726E-4	
tables	7.235890014471777E-4	0.001184132622853759	7.00770847932726E-4	
tech	7.235890014471777E-4	0.001776198934280639	7.00770847932726E-4	
text	7.235890014471777E-4	0.001184132622853759	7.00770847932726E-4	
their	7.235890014471777E-4	0.001184132622853759	7.00770847932726E-4	
there	7.235890014471777E-4	0.0023682652457075186	0.0014015416958654521	
thing	7.235890014471777E-4	0.001776198934280639	7.00770847932726E-4	
thx	7.235890014471777E-4	0.001184132622853759	7.00770847932726E-4	
times	7.235890014471777E-4	0.001184132622853759	7.00770847932726E-4	
today	7.235890014471777E-4	0.001776198934280639	0.0021023125437981786	
told	7.235890014471777E-4	0.001184132622853759	7.00770847932726E-4	
totally	7.235890014471777E-4	0.001184132622853759	7.00770847932726E-4	
traveler	7.235890014471777E-4	0.0023682652457075186	7.00770847932726E-4	
tried	7.235890014471777E-4	0.001184132622853759	7.00770847932726E-4	
tripping	7.235890014471777E-4	0.001184132622853759	7.00770847932726E-4	
trouble	7.235890014471777E-4	0.001184132622853759	7.00770847932726E-4	
trying	7.235890014471777E-4	0.0023682652457075186	0.0021023125437981786	
two	7.235890014471777E-4	0.001184132622853759	7.00770847932726E-4	
unexpected	7.235890014471777E-4	0.001184132622853759	7.00770847932726E-4	
until	7.235890014471777E-4	0.001184132622853759	7.00770847932726E-4	
up	7.235890014471777E-4	0.0035523978685612786	0.0014015416958654521	
ur	7.235890014471777E-4	0.001184132622853759	7.00770847932726E-4	
use	7.235890014471777E-4	0.001776198934280639	7.00770847932726E-4	
useless	7.235890014471777E-4	0.001184132622853759	7.00770847932726E-4	
user	7.235890014471777E-4	0.001184132622853759	7.00770847932726E-4	
vegan	7.235890014471777E-4	0.001184132622853759	7.00770847932726E-4	
vents	7.235890014471777E-4	0.001184132622853759	7.00770847932726E-4	
version	7.235890014471777E-4	0.001184132622853759	7.00770847932726E-4	
video	7.235890014471777E-4	0.001184132622853759	7.00770847932726E-4	
website	7.235890014471777E-4	0.0023682652457075186	7.00770847932726E-4	
weeks	7.235890014471777E-4	0.001776198934280639	7.00770847932726E-4	
went	7.235890014471777E-4	0.001184132622853759	7.00770847932726E-4	
when	7.235890014471777E-4	0.001776198934280639	0.0014015416958654521	
which	7.235890014471777E-4	0.001184132622853759	7.00770847932726E-4	
why	7.235890014471777E-4	0.0023682652457075186	0.0014015416958654521	
wife	7.235890014471777E-4	0.001184132622853759	7.00770847932726E-4	
will	7.235890014471777E-4	0.0023682652457075186	0.0021023125437981786	
won	7.235890014471777E-4	0.001184132622853759	7.00770847932726E-4	
working	7.235890014471777E-4	0.001776198934280639	7.00770847932726E-4	
😡	7.235890014471777E-4	0.001184132622853759	7.00770847932726E-4	
😢	7.235890014471777E-4	0.001184132622853759	7.00770847932726E-4	
#CMFat35000feet	7.235890014471777E-4	5.920663114268795E-4	0.0014015416958654521	
#CarrieUnderwood	7.235890014471777E-4	5.920663114268795E-4	0.0014015416958654521	
#Oscars2015	7.235890014471777E-4	5.920663114268795E-4	0.0014015416958654521	
#ScienceBehindTheExperience	7.235890014471777E-4	5.920663114268795E-4	0.0014015416958654521	
#SoundOfMusic	7.235890014471777E-4	5.920663114268795E-4	0.0014015416958654521	
#andchexmix	7.235890014471777E-4	5.920663114268795E-4	0.0014015416958654521	
#change	7.235890014471777E-4	5.920663114268795E-4	0.0014015416958654521	
#sendambien	7.235890014471777E-4	5.920663114268795E-4	0.0014015416958654521	
#travelhelp	7.235890014471777E-4	5.920663114268795E-4	0.0014015416958654521	
#tribute	7.235890014471777E-4	5.920663114268795E-4	0.0014015416958654521	
000	7.235890014471777E-4	5.920663114268795E-4	0.0014015416958654521	
0736	7.235890014471777E-4	5.920663114268795E-4	0.0014015416958654521	
10-24	7.235890014471777E-4	5.920663114268795E-4	0.0014015416958654521	
10pm	7.235890014471777E-4	5.920663114268795E-4	0.0014015416958654521	
2/24	7.235890014471777E-4	5.920663114268795E-4	0.0014015416958654521	
2/27	7.235890014471777E-4	5.920663114268795E-4	0.0014015416958654521	
24	7.235890014471777E-4	5.920663114268795E-4	0.0014015416958654521	
24th	7.235890014471777E-4	5.920663114268795E-4	0.0021023125437981786	
30	7.235890014471777E-4	5.920663114268795E-4	0.0014015416958654521	
345	7.235890014471777E-4	5.920663114268795E-4	0.0014015416958654521	
35	7.235890014471777E-4	5.920663114268795E-4	0.0014015416958654521	
714	7.235890014471777E-4	5.920663114268795E-4	0.0014015416958654521	
769	7.235890014471777E-4	5.920663114268795E-4	0.0014015416958654521	
@CarrieUnderwood	7.235890014471777E-4	5.920663114268795E-4	0.0014015416958654521	
@LadyGaga	7.235890014471777E-4	5.920663114268795E-4	0.0014015416958654521	
@dhepburn	7.235890014471777E-4	5.920663114268795E-4	0.0014015416958654521	
After	7.235890014471777E-4	5.920663114268795E-4	0.0014015416958654521	
Are	7.235890014471777E-4	5.920663114268795E-4	0.0014015416958654521	
Atlanta	7.235890014471777E-4	5.920663114268795E-4	0.0014015416958654521	
BOS&gt	7.235890014471777E-4	5.920663114268795E-4	0.0014015416958654521	
Bags	7.235890014471777E-4	5.920663114268795E-4	0.0014015416958654521	
Can	7.235890014471777E-4	5.920663114268795E-4	0.0021023125437981786	
Carrie	7.235890014471777E-4	5.920663114268795E-4	0.0021023125437981786	
Changed	7.235890014471777E-4	5.920663114268795E-4	0.0014015416958654521	
Club	7.235890014471777E-4	5.920663114268795E-4	0.0014015416958654521	
DCA	7.235890014471777E-4	5.920663114268795E-4	0.0014015416958654521	
DREAM	7.235890014471777E-4	5.920663114268795E-4	0.0014015416958654521	
Dallas	7.235890014471777E-4	5.920663114268795E-4	0.0021023125437981786	
Do	7.235890014471777E-4	5.920663114268795E-4	0.0014015416958654521	
Don	7.235890014471777E-4	5.920663114268795E-4	0.0014015416958654521	
Doom	7.235890014471777E-4	5.920663114268795E-4	0.0014015416958654521	
EWR	7.235890014471777E-4	5.920663114268795E-4	0.0014015416958654521	
Feb	7.235890014471777E-4	5.920663114268795E-4	0.0014015416958654521	
February	7.235890014471777E-4	5.920663114268795E-4	0.0014015416958654521	
Flying	7.235890014471777E-4	5.920663114268795E-4	0.0014015416958654521	
Hands	7.235890014471777E-4	5.920663114268795E-4	0.0014015416958654521	
Hats	7.235890014471777E-4	5.920663114268795E-4	0.0014015416958654521	
How	7.235890014471777E-4	5.920663114268795E-4	0.0014015416958654521	
In	7.235890014471777E-4	5.920663114268795E-4	0.0014015416958654521	
JPERHI	7.235890014471777E-4	5.920663114268795E-4	0.0014015416958654521	
LAX---&gt	7.235890014471777E-4	5.920663114268795E-4	0.0014015416958654521	
Life	7.235890014471777E-4	5.920663114268795E-4	0.0014015416958654521	
Looks	7.235890014471777E-4	5.920663114268795E-4	0.0014015416958654521	
Martin	7.235890014471777E-4	5.920663114268795E-4	0.0014015416958654521	
Mary	7.235890014471777E-4	5.920663114268795E-4	0.0014015416958654521	
Meh	7.235890014471777E-4	5.920663114268795E-4	0.0014015416958654521	
Men	7.235890014471777E-4	5.920663114268795E-4	0.0014015416958654521	
Middle	7.235890014471777E-4	5.920663114268795E-4	0.0014015416958654521	
Must	7.235890014471777E-4	5.920663114268795E-4	0.0014015416958654521	
New	7.235890014471777E-4	5.920663114268795E-4	0.0014015416958654521	
Nice	7.235890014471777E-4	5.920663114268795E-4	0.0014015416958654521	
On	7.235890014471777E-4	5.920663114268795E-4	0.0014015416958654521	
Or	7.235890014471777E-4	5.920663114268795E-4	0.0021023125437981786	
Prince	7.235890014471777E-4	5.920663114268795E-4	0.0014015416958654521	
Q	7.235890014471777E-4	5.920663114268795E-4	0.0014015416958654521	
RNP	7.235890014471777E-4	5.920663114268795E-4	0.0014015416958654521	
RT	7.235890014471777E-4	5.920663114268795E-4	0.0014015416958654521	
Random	7.235890014471777E-4	5.920663114268795E-4	0.0014015416958654521	
Really	7.235890014471777E-4	5.920663114268795E-4	0.0014015416958654521	
SEA	7.235890014471777E-4	5.920663114268795E-4	0.0014015416958654521	
Seattle	7.235890014471777E-4	5.920663114268795E-4	0.0014015416958654521	
Soon	7.235890014471777E-4	5.920663114268795E-4	0.0014015416958654521	
Sorry	7.235890014471777E-4	5.920663114268795E-4	0.0014015416958654521	
Status	7.235890014471777E-4	5.920663114268795E-4	0.0014015416958654521	
Such	7.235890014471777E-4	5.920663114268795E-4	0.0014015416958654521	
Thursday	7.235890014471777E-4	5.920663114268795E-4	0.0014015416958654521	
Tried	7.235890014471777E-4	5.920663114268795E-4	0.0014015416958654521	
Vibe	7.235890014471777E-4	5.920663114268795E-4	0.0014015416958654521	
Was	7.235890014471777E-4	5.920663114268795E-4	0.0014015416958654521	
Will	7.235890014471777E-4	5.920663114268795E-4	0.0014015416958654521	
Without	7.235890014471777E-4	5.920663114268795E-4	0.0014015416958654521	
Yeah	7.235890014471777E-4	5.920663114268795E-4	0.0014015416958654521	
agree	7.235890014471777E-4	5.920663114268795E-4	0.0014015416958654521	
among	7.235890014471777E-4	5.920663114268795E-4	0.0014015416958654521	
anytime	7.235890014471777E-4	5.920663114268795E-4	0.0014015416958654521	
avatars	7.235890014471777E-4	5.920663114268795E-4	0.0014015416958654521	
baggage	7.235890014471777E-4	5.920663114268795E-4	0.0014015416958654521	
before	7.235890014471777E-4	5.920663114268795E-4	0.0014015416958654521	
bet	7.235890014471777E-4	5.920663114268795E-4	0.0014015416958654521	
bid	7.235890014471777E-4	5.920663114268795E-4	0.0014015416958654521	
boy	7.235890014471777E-4	5.920663114268795E-4	0.0014015416958654521	
bring	7.235890014471777E-4	5.920663114268795E-4	0.0014015416958654521	
city	7.235890014471777E-4	5.920663114268795E-4	0.0014015416958654521	
co/APtZpuROp4	7.235890014471777E-4	5.920663114268795E-4	0.0014015416958654521	
co/F2LFULCbQ7	7.235890014471777E-4	5.920663114268795E-4	0.0014015416958654521	
co/GsB2J3c4gM	7.235890014471777E-4	5.920663114268795E-4	0.0014015416958654521	
co/KEK5pDMGiF	7.235890014471777E-4	5.920663114268795E-4	0.0014015416958654521	
co/QDlJHslOI5	7.235890014471777E-4	5.920663114268795E-4	0.0014015416958654521	
co/RPdBpX3wNd	7.235890014471777E-4	5.920663114268795E-4	0.0014015416958654521	
co/Y7O0uNxTQP	7.235890014471777E-4	5.920663114268795E-4	0.0014015416958654521	
co/lWWdAc2kHx	7.235890014471777E-4	5.920663114268795E-4	0.0014015416958654521	
co/mWpG7grEZP	7.235890014471777E-4	5.920663114268795E-4	0.0014015416958654521	
co/maRcnOCWzn	7.235890014471777E-4	5.920663114268795E-4	0.0014015416958654521	
co/oA2dRfAoQ2	7.235890014471777E-4	5.920663114268795E-4	0.0014015416958654521	
code	7.235890014471777E-4	5.920663114268795E-4	0.0014015416958654521	
credit	7.235890014471777E-4	5.920663114268795E-4	0.0014015416958654521	
current	7.235890014471777E-4	5.920663114268795E-4	0.0014015416958654521	
d	7.235890014471777E-4	5.920663114268795E-4	0.0014015416958654521	
death	7.235890014471777E-4	5.920663114268795E-4	0.0014015416958654521	
did	7.235890014471777E-4	5.920663114268795E-4	0.0021023125437981786	
different	7.235890014471777E-4	5.920663114268795E-4	0.0014015416958654521	
disproportionate	7.235890014471777E-4	5.920663114268795E-4	0.0014015416958654521	
distribution	7.235890014471777E-4	5.920663114268795E-4	0.0014015416958654521	
do	7.235890014471777E-4	5.920663114268795E-4	0.004204625087596357	
don	7.235890014471777E-4	5.920663114268795E-4	0.0014015416958654521	
expires	7.235890014471777E-4	5.920663114268795E-4	0.0014015416958654521	
eye	7.235890014471777E-4	5.920663114268795E-4	0.0014015416958654521	
fee	7.235890014471777E-4	5.920663114268795E-4	0.0014015416958654521	
feet	7.235890014471777E-4	5.920663114268795E-4	0.0014015416958654521	
films	7.235890014471777E-4	5.920663114268795E-4	0.0014015416958654521	
happens	7.235890014471777E-4	5.920663114268795E-4	0.0014015416958654521	
hours	7.235890014471777E-4	5.920663114268795E-4	0.0014015416958654521	
https	7.235890014471777E-4	5.920663114268795E-4	0.0021023125437981786	
if	7.235890014471777E-4	5.920663114268795E-4	0.0014015416958654521	
kitty	7.235890014471777E-4	5.920663114268795E-4	0.0014015416958654521	
leading	7.235890014471777E-4	5.920663114268795E-4	0.0014015416958654521	
leaving	7.235890014471777E-4	5.920663114268795E-4	0.0021023125437981786	
let	7.235890014471777E-4	5.920663114268795E-4	0.0021023125437981786	
ll	7.235890014471777E-4	5.920663114268795E-4	0.0014015416958654521	
making	7.235890014471777E-4	5.920663114268795E-4	0.0014015416958654521	
maneuver	7.235890014471777E-4	5.920663114268795E-4	0.0014015416958654521	
marketing	7.235890014471777E-4	5.920663114268795E-4	0.0014015416958654521	
mean	7.235890014471777E-4	5.920663114268795E-4	0.0014015416958654521	
media	7.235890014471777E-4	5.920663114268795E-4	0.0014015416958654521	
modify	7.235890014471777E-4	5.920663114268795E-4	0.0014015416958654521	
moodlight	7.235890014471777E-4	5.920663114268795E-4	0.0014015416958654521	
most	7.235890014471777E-4	5.920663114268795E-4	0.0014015416958654521	
music	7.235890014471777E-4	5.920663114268795E-4	0.0014015416958654521	
night	7.235890014471777E-4	5.920663114268795E-4	0.0021023125437981786	
non	7.235890014471777E-4	5.920663114268795E-4	0.0014015416958654521	
noob	7.235890014471777E-4	5.920663114268795E-4	0.0014015416958654521	
off	7.235890014471777E-4	5.920663114268795E-4	0.0014015416958654521	
operation	7.235890014471777E-4	5.920663114268795E-4	0.0014015416958654521	
opportunity	7.235890014471777E-4	5.920663114268795E-4	0.0014015416958654521	
parody	7.235890014471777E-4	5.920663114268795E-4	0.0014015416958654521	
permanently	7.235890014471777E-4	5.920663114268795E-4	0.0014015416958654521	
plz	7.235890014471777E-4	5.920663114268795E-4	0.0014015416958654521	
points	7.235890014471777E-4	5.920663114268795E-4	0.0014015416958654521	
posted	7.235890014471777E-4	5.920663114268795E-4	0.0014015416958654521	
prime	7.235890014471777E-4	5.920663114268795E-4	0.0014015416958654521	
rate/policy	7.235890014471777E-4	5.920663114268795E-4	0.0014015416958654521	
recent	7.235890014471777E-4	5.920663114268795E-4	0.0014015416958654521	
red	7.235890014471777E-4	5.920663114268795E-4	0.0014015416958654521	
redirected	7.235890014471777E-4	5.920663114268795E-4	0.0014015416958654521	
ressie	7.235890014471777E-4	5.920663114268795E-4	0.0014015416958654521	
said	7.235890014471777E-4	5.920663114268795E-4	0.0014015416958654521	
scheduled	7.235890014471777E-4	5.920663114268795E-4	0.0014015416958654521	
second	7.235890014471777E-4	5.920663114268795E-4	0.0014015416958654521	
share	7.235890014471777E-4	5.920663114268795E-4	0.0014015416958654521	
shows	7.235890014471777E-4	5.920663114268795E-4	0.0014015416958654521	
some	7.235890014471777E-4	5.920663114268795E-4	0.0014015416958654521	
song	7.235890014471777E-4	5.920663114268795E-4	0.0014015416958654521	
soon	7.235890014471777E-4	5.920663114268795E-4	0.0021023125437981786	
student	7.235890014471777E-4	5.920663114268795E-4	0.0014015416958654521	
suicide	7.235890014471777E-4	5.920663114268795E-4	0.0014015416958654521	
supposed	7.235890014471777E-4	5.920663114268795E-4	0.0014015416958654521	
takeoff	7.235890014471777E-4	5.920663114268795E-4	0.0014015416958654521	
teens	7.235890014471777E-4	5.920663114268795E-4	0.0014015416958654521	
think	7.235890014471777E-4	5.920663114268795E-4	0.0021023125437981786	
together	7.235890014471777E-4	5.920663114268795E-4	0.0014015416958654521	
touchdown	7.235890014471777E-4	5.920663114268795E-4	0.0014015416958654521	
tracking	7.235890014471777E-4	5.920663114268795E-4	0.0014015416958654521	
unused	7.235890014471777E-4	5.920663114268795E-4	0.0014015416958654521	
upgrade	7.235890014471777E-4	5.920663114268795E-4	0.0014015416958654521	
using	7.235890014471777E-4	5.920663114268795E-4	0.0014015416958654521	
waive	7.235890014471777E-4	5.920663114268795E-4	0.0014015416958654521	
watch	7.235890014471777E-4	5.920663114268795E-4	0.0014015416958654521	
weather	7.235890014471777E-4	5.920663114268795E-4	0.0014015416958654521	
were	7.235890014471777E-4	5.920663114268795E-4	0.0014015416958654521	
where	7.235890014471777E-4	5.920663114268795E-4	0.0014015416958654521	
win	7.235890014471777E-4	5.920663114268795E-4	0.0014015416958654521	
wish	7.235890014471777E-4	5.920663114268795E-4	0.0014015416958654521	
worry	7.235890014471777E-4	5.920663114268795E-4	0.0014015416958654521	
🍷👍💺✈️	7.235890014471777E-4	5.920663114268795E-4	0.0014015416958654521	
😍👌	7.235890014471777E-4	5.920663114268795E-4	0.0014015416958654521	


Time taken to build model: 0 seconds

=== Evaluation on test split ===

Time taken to test model on test split: 0 seconds

=== Summary ===

Correctly Classified Instances          17               40.4762 %
Incorrectly Classified Instances        25               59.5238 %
Kappa statistic                          0.087 
Mean absolute error                      0.3941
Root mean squared error                  0.5131
Relative absolute error                 88.8866 %
Root relative squared error            109.0853 %
Total Number of Instances               42     

=== Detailed Accuracy By Class ===

                 TP Rate  FP Rate  Precision  Recall   F-Measure  MCC      ROC Area  PRC Area  Class
                 0.091    0.258    0.111      0.091    0.100      -0.179   0.411     0.235     positive
                 0.688    0.346    0.550      0.688    0.611      0.332    0.757     0.712     negative
                 0.333    0.296    0.385      0.333    0.357      0.038    0.630     0.414     neutral
Weighted Avg.    0.405    0.305    0.376      0.405    0.387      0.093    0.621     0.481     

=== Confusion Matrix ===

  a  b  c   <-- classified as
  1  4  6 |  a = positive
  3 11  2 |  b = negative
  5  5  5 |  c = neutral

